Restore Archived Project report for DE2_TV
Sat May 09 15:29:13 2015
Quartus II 64-Bit Version 11.0 Build 157 04/27/2011 SJ Full Version


---------------------
; Table of Contents ;
---------------------
  1. Legal Notice
  2. Restore Archived Project Summary
  3. Restore Archived Project Messages
  4. Files Restored
  5. Files Not Restored



----------------
; Legal Notice ;
----------------
Copyright (C) 1991-2011 Altera Corporation
Your use of Altera Corporation's design tools, logic functions 
and other software and tools, and its AMPP partner logic 
functions, and any output files from any of the foregoing 
(including device programming or simulation files), and any 
associated documentation or information are expressly subject 
to the terms and conditions of the Altera Program License 
Subscription Agreement, Altera MegaCore Function License 
Agreement, or other applicable license agreement, including, 
without limitation, that your use is for the sole purpose of 
programming logic devices manufactured by Altera and sold by 
Altera or its authorized distributors.  Please refer to the 
applicable agreement for further details.



+-------------------------------------------------------------------------+
; Restore Archived Project Summary                                        ;
+---------------------------------+---------------------------------------+
; Restore Archived Project Status ; Successful - Sat May 09 15:29:13 2015 ;
; Revision Name                   ; DE2_TV                                ;
; Top-level Entity Name           ; DE2_TV                                ;
; Family                          ; Cyclone II                            ;
+---------------------------------+---------------------------------------+


+-----------------------------------+
; Restore Archived Project Messages ;
+-----------------------------------+
Info: Successfully restored 'C:/Users/Lab User/Downloads/DE2_TV.qar' into the 'C:/Users/Lab User/Downloads/DE2_TV_restored/' directory
Info: Generated report 'DE2_TV.restore.rpt'
Info: Evaluation of Tcl script c:/altera/11.0/quartus/common/tcl/apps/qpm/qar.tcl was successful
Info: Quartus II 64-Bit Shell was successful. 0 errors, 0 warnings
    Info: Peak virtual memory: 209 megabytes
    Info: Processing ended: Sat May 09 15:29:13 2015
    Info: Elapsed time: 00:00:03
    Info: Total CPU time (on all processors): 00:00:02


+---------------------------------------------------+
; Files Restored                                    ;
+---------------------------------------------------+
; File Name                                         ;
+---------------------------------------------------+
; AUDIO_DAC.v                                       ;
; AUDIO_DAC_ADC.v                                   ;
; ColorBuffer.cmp                                   ;
; ColorBuffer.qip                                   ;
; ColorBuffer.vhd                                   ;
; DE2_TV.qpf                                        ;
; DE2_TV.qsf                                        ;
; DE2_TV.sdc                                        ;
; DE2_TV.v                                          ;
; DE2_TV_assignment_defaults.qdf                    ;
; DIV.v                                             ;
; I2C_AV_Config.v                                   ;
; I2C_Controller.v                                  ;
; ITU_656_Decoder.v                                 ;
; Line_Buffer.v                                     ;
; MAC_3.v                                           ;
; Mirror_Col.v                                      ;
; PLL.v                                             ;
; RGB1.mif                                          ;
; ROM.qip                                           ;
; ROM.v                                             ;
; ROM_bb.v                                          ;
; Reset_Delay.v                                     ;
; SEG7_LUT.v                                        ;
; SEG7_LUT_8.v                                      ;
; Sdram_Control_4Port/Sdram_Control_4Port.v         ;
; Sdram_Control_4Port/Sdram_PLL.v                   ;
; Sdram_Control_4Port/Sdram_Params.h                ;
; Sdram_Control_4Port/Sdram_RD_FIFO.v               ;
; Sdram_Control_4Port/Sdram_WR_FIFO.v               ;
; Sdram_Control_4Port/command.v                     ;
; Sdram_Control_4Port/control_interface.v           ;
; Sdram_Control_4Port/sdr_data_path.v               ;
; Stack_RAM.v                                       ;
; TD_Detect.v                                       ;
; TP_RAM.v                                          ;
; VGA_Ctrl.v                                        ;
; VGA_Param.h                                       ;
; YCbCr2RGB.v                                       ;
; YUV422_to_444.v                                   ;
; average.v                                         ;
; body_LUT.v                                        ;
; incremental_db/compiled_partitions/DE2_TV.db_info ;
; line.v                                            ;
; ram_infer.v                                       ;
+---------------------------------------------------+


+--------------------+
; Files Not Restored ;
+--------------------+
; File Name          ;
+--------------------+


